Analysis & Synthesis report for tarefa2
Tue Jun 04 23:27:37 2024
Quartus Prime Version 20.1.0 Build 711 06/05/2020 SJ Lite Edition


---------------------
; Table of Contents ;
---------------------
  1. Legal Notice
  2. Analysis & Synthesis Summary
  3. Analysis & Synthesis Settings
  4. Parallel Compilation
  5. Analysis & Synthesis Source Files Read
  6. Analysis & Synthesis Resource Usage Summary
  7. Analysis & Synthesis Resource Utilization by Entity
  8. General Register Statistics
  9. Parameter Settings for User Entity Instance: processor:p
 10. Parameter Settings for User Entity Instance: processor:p|ula:u1
 11. Port Connectivity Checks: "processor:p"
 12. Post-Synthesis Netlist Statistics for Top Partition
 13. Elapsed Time Per Partition
 14. Analysis & Synthesis Messages



----------------
; Legal Notice ;
----------------
Copyright (C) 2020  Intel Corporation. All rights reserved.
Your use of Intel Corporation's design tools, logic functions 
and other software and tools, and any partner logic 
functions, and any output files from any of the foregoing 
(including device programming or simulation files), and any 
associated documentation or information are expressly subject 
to the terms and conditions of the Intel Program License 
Subscription Agreement, the Intel Quartus Prime License Agreement,
the Intel FPGA IP License Agreement, or other applicable license
agreement, including, without limitation, that your use is for
the sole purpose of programming logic devices manufactured by
Intel and sold by Intel or its authorized distributors.  Please
refer to the applicable agreement for further details, at
https://fpgasoftware.intel.com/eula.



+----------------------------------------------------------------------------------+
; Analysis & Synthesis Summary                                                     ;
+------------------------------------+---------------------------------------------+
; Analysis & Synthesis Status        ; Successful - Tue Jun 04 23:27:37 2024       ;
; Quartus Prime Version              ; 20.1.0 Build 711 06/05/2020 SJ Lite Edition ;
; Revision Name                      ; tarefa2                                     ;
; Top-level Entity Name              ; testbench                                   ;
; Family                             ; Cyclone IV E                                ;
; Total logic elements               ; 0                                           ;
;     Total combinational functions  ; 0                                           ;
;     Dedicated logic registers      ; 0                                           ;
; Total registers                    ; 0                                           ;
; Total pins                         ; 16                                          ;
; Total virtual pins                 ; 0                                           ;
; Total memory bits                  ; 0                                           ;
; Embedded Multiplier 9-bit elements ; 0                                           ;
; Total PLLs                         ; 0                                           ;
+------------------------------------+---------------------------------------------+


+------------------------------------------------------------------------------------------------------------+
; Analysis & Synthesis Settings                                                                              ;
+------------------------------------------------------------------+--------------------+--------------------+
; Option                                                           ; Setting            ; Default Value      ;
+------------------------------------------------------------------+--------------------+--------------------+
; Top-level entity name                                            ; testbench          ; tarefa2            ;
; Family name                                                      ; Cyclone IV E       ; Cyclone V          ;
; Use smart compilation                                            ; Off                ; Off                ;
; Enable parallel Assembler and Timing Analyzer during compilation ; On                 ; On                 ;
; Enable compact report table                                      ; Off                ; Off                ;
; Restructure Multiplexers                                         ; Auto               ; Auto               ;
; Create Debugging Nodes for IP Cores                              ; Off                ; Off                ;
; Preserve fewer node names                                        ; On                 ; On                 ;
; Intel FPGA IP Evaluation Mode                                    ; Enable             ; Enable             ;
; Verilog Version                                                  ; Verilog_2001       ; Verilog_2001       ;
; VHDL Version                                                     ; VHDL_1993          ; VHDL_1993          ;
; State Machine Processing                                         ; Auto               ; Auto               ;
; Safe State Machine                                               ; Off                ; Off                ;
; Extract Verilog State Machines                                   ; On                 ; On                 ;
; Extract VHDL State Machines                                      ; On                 ; On                 ;
; Ignore Verilog initial constructs                                ; Off                ; Off                ;
; Iteration limit for constant Verilog loops                       ; 5000               ; 5000               ;
; Iteration limit for non-constant Verilog loops                   ; 250                ; 250                ;
; Add Pass-Through Logic to Inferred RAMs                          ; On                 ; On                 ;
; Infer RAMs from Raw Logic                                        ; On                 ; On                 ;
; Parallel Synthesis                                               ; On                 ; On                 ;
; DSP Block Balancing                                              ; Auto               ; Auto               ;
; NOT Gate Push-Back                                               ; On                 ; On                 ;
; Power-Up Don't Care                                              ; On                 ; On                 ;
; Remove Redundant Logic Cells                                     ; Off                ; Off                ;
; Remove Duplicate Registers                                       ; On                 ; On                 ;
; Ignore CARRY Buffers                                             ; Off                ; Off                ;
; Ignore CASCADE Buffers                                           ; Off                ; Off                ;
; Ignore GLOBAL Buffers                                            ; Off                ; Off                ;
; Ignore ROW GLOBAL Buffers                                        ; Off                ; Off                ;
; Ignore LCELL Buffers                                             ; Off                ; Off                ;
; Ignore SOFT Buffers                                              ; On                 ; On                 ;
; Limit AHDL Integers to 32 Bits                                   ; Off                ; Off                ;
; Optimization Technique                                           ; Balanced           ; Balanced           ;
; Carry Chain Length                                               ; 70                 ; 70                 ;
; Auto Carry Chains                                                ; On                 ; On                 ;
; Auto Open-Drain Pins                                             ; On                 ; On                 ;
; Perform WYSIWYG Primitive Resynthesis                            ; Off                ; Off                ;
; Auto ROM Replacement                                             ; On                 ; On                 ;
; Auto RAM Replacement                                             ; On                 ; On                 ;
; Auto DSP Block Replacement                                       ; On                 ; On                 ;
; Auto Shift Register Replacement                                  ; Auto               ; Auto               ;
; Allow Shift Register Merging across Hierarchies                  ; Auto               ; Auto               ;
; Auto Clock Enable Replacement                                    ; On                 ; On                 ;
; Strict RAM Replacement                                           ; Off                ; Off                ;
; Allow Synchronous Control Signals                                ; On                 ; On                 ;
; Force Use of Synchronous Clear Signals                           ; Off                ; Off                ;
; Auto RAM Block Balancing                                         ; On                 ; On                 ;
; Auto RAM to Logic Cell Conversion                                ; Off                ; Off                ;
; Auto Resource Sharing                                            ; Off                ; Off                ;
; Allow Any RAM Size For Recognition                               ; Off                ; Off                ;
; Allow Any ROM Size For Recognition                               ; Off                ; Off                ;
; Allow Any Shift Register Size For Recognition                    ; Off                ; Off                ;
; Use LogicLock Constraints during Resource Balancing              ; On                 ; On                 ;
; Ignore translate_off and synthesis_off directives                ; Off                ; Off                ;
; Timing-Driven Synthesis                                          ; On                 ; On                 ;
; Report Parameter Settings                                        ; On                 ; On                 ;
; Report Source Assignments                                        ; On                 ; On                 ;
; Report Connectivity Checks                                       ; On                 ; On                 ;
; Ignore Maximum Fan-Out Assignments                               ; Off                ; Off                ;
; Synchronization Register Chain Length                            ; 2                  ; 2                  ;
; Power Optimization During Synthesis                              ; Normal compilation ; Normal compilation ;
; HDL message level                                                ; Level2             ; Level2             ;
; Suppress Register Optimization Related Messages                  ; Off                ; Off                ;
; Number of Removed Registers Reported in Synthesis Report         ; 5000               ; 5000               ;
; Number of Swept Nodes Reported in Synthesis Report               ; 5000               ; 5000               ;
; Number of Inverted Registers Reported in Synthesis Report        ; 100                ; 100                ;
; Clock MUX Protection                                             ; On                 ; On                 ;
; Auto Gated Clock Conversion                                      ; Off                ; Off                ;
; Block Design Naming                                              ; Auto               ; Auto               ;
; SDC constraint protection                                        ; Off                ; Off                ;
; Synthesis Effort                                                 ; Auto               ; Auto               ;
; Shift Register Replacement - Allow Asynchronous Clear Signal     ; On                 ; On                 ;
; Pre-Mapping Resynthesis Optimization                             ; Off                ; Off                ;
; Analysis & Synthesis Message Level                               ; Medium             ; Medium             ;
; Disable Register Merging Across Hierarchies                      ; Auto               ; Auto               ;
; Resource Aware Inference For Block RAM                           ; On                 ; On                 ;
+------------------------------------------------------------------+--------------------+--------------------+


+------------------------------------------+
; Parallel Compilation                     ;
+----------------------------+-------------+
; Processors                 ; Number      ;
+----------------------------+-------------+
; Number detected on machine ; 8           ;
; Maximum allowed            ; 4           ;
;                            ;             ;
; Average used               ; 1.00        ;
; Maximum used               ; 1           ;
;                            ;             ;
; Usage by Processor         ; % Time Used ;
;     Processor 1            ; 100.0%      ;
+----------------------------+-------------+


+-----------------------------------------------------------------------------------------------------------------------------------------------------------------------------------+
; Analysis & Synthesis Source Files Read                                                                                                                                            ;
+----------------------------------+-----------------+------------------------+-------------------------------------------------------------------------------------------+---------+
; File Name with User-Entered Path ; Used in Netlist ; File Type              ; File Name with Absolute Path                                                              ; Library ;
+----------------------------------+-----------------+------------------------+-------------------------------------------------------------------------------------------+---------+
; processor.v                      ; yes             ; User Verilog HDL File  ; C:/Users/Rodrigo/Documents/GitHub/Interface-Hardware-Software/Processador/processor.v     ;         ;
; multiplexador.v                  ; yes             ; User Verilog HDL File  ; C:/Users/Rodrigo/Documents/GitHub/Interface-Hardware-Software/Processador/multiplexador.v ;         ;
; ula.v                            ; yes             ; User Verilog HDL File  ; C:/Users/Rodrigo/Documents/GitHub/Interface-Hardware-Software/Processador/ula.v           ;         ;
; counter.v                        ; yes             ; User Verilog HDL File  ; C:/Users/Rodrigo/Documents/GitHub/Interface-Hardware-Software/Processador/counter.v       ;         ;
; registrador.v                    ; yes             ; User Verilog HDL File  ; C:/Users/Rodrigo/Documents/GitHub/Interface-Hardware-Software/Processador/registrador.v   ;         ;
; testbench.v                      ; yes             ; User Verilog HDL File  ; C:/Users/Rodrigo/Documents/GitHub/Interface-Hardware-Software/Processador/testbench.v     ;         ;
+----------------------------------+-----------------+------------------------+-------------------------------------------------------------------------------------------+---------+


+--------------------------------------------------------------+
; Analysis & Synthesis Resource Usage Summary                  ;
+---------------------------------------------+----------------+
; Resource                                    ; Usage          ;
+---------------------------------------------+----------------+
;                                             ;                ;
; Total combinational functions               ; 0              ;
; Logic element usage by number of LUT inputs ;                ;
;     -- 4 input functions                    ; 0              ;
;     -- 3 input functions                    ; 0              ;
;     -- <=2 input functions                  ; 0              ;
;                                             ;                ;
; Logic elements by mode                      ;                ;
;     -- normal mode                          ; 0              ;
;     -- arithmetic mode                      ; 0              ;
;                                             ;                ;
; Total registers                             ; 0              ;
;     -- Dedicated logic registers            ; 0              ;
;     -- I/O registers                        ; 0              ;
;                                             ;                ;
; I/O pins                                    ; 16             ;
;                                             ;                ;
; Embedded Multiplier 9-bit elements          ; 0              ;
;                                             ;                ;
; Maximum fan-out node                        ; cout[0]~output ;
; Maximum fan-out                             ; 1              ;
; Total fan-out                               ; 16             ;
; Average fan-out                             ; 0.50           ;
+---------------------------------------------+----------------+


+----------------------------------------------------------------------------------------------------------------------------------------------------------------------------------------------------------+
; Analysis & Synthesis Resource Utilization by Entity                                                                                                                                                      ;
+----------------------------+---------------------+---------------------------+-------------+--------------+---------+-----------+------+--------------+---------------------+-------------+--------------+
; Compilation Hierarchy Node ; Combinational ALUTs ; Dedicated Logic Registers ; Memory Bits ; DSP Elements ; DSP 9x9 ; DSP 18x18 ; Pins ; Virtual Pins ; Full Hierarchy Name ; Entity Name ; Library Name ;
+----------------------------+---------------------+---------------------------+-------------+--------------+---------+-----------+------+--------------+---------------------+-------------+--------------+
; |testbench                 ; 0 (0)               ; 0 (0)                     ; 0           ; 0            ; 0       ; 0         ; 16   ; 0            ; |testbench          ; testbench   ; work         ;
+----------------------------+---------------------+---------------------------+-------------+--------------+---------+-----------+------+--------------+---------------------+-------------+--------------+
Note: For table entries with two numbers listed, the numbers in parentheses indicate the number of resources of the given type used by the specific entity alone. The numbers listed outside of parentheses indicate the total resources of the given type used by the specific entity and all of its sub-entities in the hierarchy.


+------------------------------------------------------+
; General Register Statistics                          ;
+----------------------------------------------+-------+
; Statistic                                    ; Value ;
+----------------------------------------------+-------+
; Total registers                              ; 0     ;
; Number of registers using Synchronous Clear  ; 0     ;
; Number of registers using Synchronous Load   ; 0     ;
; Number of registers using Asynchronous Clear ; 0     ;
; Number of registers using Asynchronous Load  ; 0     ;
; Number of registers using Clock Enable       ; 0     ;
; Number of registers using Preset             ; 0     ;
+----------------------------------------------+-------+


+----------------------------------------------------------+
; Parameter Settings for User Entity Instance: processor:p ;
+----------------+-------+---------------------------------+
; Parameter Name ; Value ; Type                            ;
+----------------+-------+---------------------------------+
; LDI            ; 101   ; Unsigned Binary                 ;
; OUT            ; 100   ; Unsigned Binary                 ;
; REP            ; 111   ; Unsigned Binary                 ;
+----------------+-------+---------------------------------+
Note: In order to hide this table in the UI and the text report file, please set the "Show Parameter Settings in Synthesis Report" option in "Analysis and Synthesis Settings -> More Settings" to "Off".


+-----------------------------------------------------------------+
; Parameter Settings for User Entity Instance: processor:p|ula:u1 ;
+----------------+-------+----------------------------------------+
; Parameter Name ; Value ; Type                                   ;
+----------------+-------+----------------------------------------+
; REP            ; 111   ; Unsigned Binary                        ;
; LDI            ; 101   ; Unsigned Binary                        ;
; ADD            ; 000   ; Unsigned Binary                        ;
; SUB            ; 001   ; Unsigned Binary                        ;
; NAN            ; 010   ; Unsigned Binary                        ;
; OUT            ; 100   ; Unsigned Binary                        ;
+----------------+-------+----------------------------------------+
Note: In order to hide this table in the UI and the text report file, please set the "Show Parameter Settings in Synthesis Report" option in "Analysis and Synthesis Settings -> More Settings" to "Off".


+-----------------------------------------------------------------------------------------------------------------------+
; Port Connectivity Checks: "processor:p"                                                                               ;
+-------------+--------+----------+-------------------------------------------------------------------------------------+
; Port        ; Type   ; Severity ; Details                                                                             ;
+-------------+--------+----------+-------------------------------------------------------------------------------------+
; iin[11..10] ; Input  ; Info     ; Stuck at VCC                                                                        ;
; iin[14..12] ; Input  ; Info     ; Stuck at GND                                                                        ;
; iin[9..0]   ; Input  ; Info     ; Stuck at GND                                                                        ;
; iin[15]     ; Input  ; Info     ; Stuck at VCC                                                                        ;
; resetn      ; Input  ; Info     ; Stuck at GND                                                                        ;
; bus         ; Output ; Info     ; Connected to dangling logic. Logic that only feeds a dangling port will be removed. ;
+-------------+--------+----------+-------------------------------------------------------------------------------------+


+-----------------------------------------------------+
; Post-Synthesis Netlist Statistics for Top Partition ;
+-----------------------+-----------------------------+
; Type                  ; Count                       ;
+-----------------------+-----------------------------+
; boundary_port         ; 16                          ;
; cycloneiii_lcell_comb ; 1                           ;
;     normal            ; 1                           ;
;         0 data inputs ; 1                           ;
;                       ;                             ;
; Max LUT depth         ; 0.00                        ;
; Average LUT depth     ; 0.00                        ;
+-----------------------+-----------------------------+


+-------------------------------+
; Elapsed Time Per Partition    ;
+----------------+--------------+
; Partition Name ; Elapsed Time ;
+----------------+--------------+
; Top            ; 00:00:00     ;
+----------------+--------------+


+-------------------------------+
; Analysis & Synthesis Messages ;
+-------------------------------+
Info: *******************************************************************
Info: Running Quartus Prime Analysis & Synthesis
    Info: Version 20.1.0 Build 711 06/05/2020 SJ Lite Edition
    Info: Processing started: Tue Jun 04 23:27:20 2024
Info: Command: quartus_map --read_settings_files=on --write_settings_files=off tarefa2 -c tarefa2
Warning (18236): Number of processors has not been specified which may cause overloading on shared machines.  Set the global assignment NUM_PARALLEL_PROCESSORS in your QSF to an appropriate value for best performance.
Info (20030): Parallel compilation is enabled and will use 4 of the 4 processors detected
Info (12021): Found 1 design units, including 1 entities, in source file processor.v
    Info (12023): Found entity 1: processor File: C:/Users/Rodrigo/Documents/GitHub/Interface-Hardware-Software/Processador/processor.v Line: 4
Info (12021): Found 1 design units, including 1 entities, in source file multiplexador.v
    Info (12023): Found entity 1: multiplexador File: C:/Users/Rodrigo/Documents/GitHub/Interface-Hardware-Software/Processador/multiplexador.v Line: 3
Info (12021): Found 1 design units, including 1 entities, in source file ula.v
    Info (12023): Found entity 1: ula File: C:/Users/Rodrigo/Documents/GitHub/Interface-Hardware-Software/Processador/ula.v Line: 4
Info (12021): Found 1 design units, including 1 entities, in source file counter.v
    Info (12023): Found entity 1: counter File: C:/Users/Rodrigo/Documents/GitHub/Interface-Hardware-Software/Processador/counter.v Line: 4
Info (12021): Found 1 design units, including 1 entities, in source file registrador.v
    Info (12023): Found entity 1: registrador File: C:/Users/Rodrigo/Documents/GitHub/Interface-Hardware-Software/Processador/registrador.v Line: 3
Info (12021): Found 1 design units, including 1 entities, in source file testbench.v
    Info (12023): Found entity 1: testbench File: C:/Users/Rodrigo/Documents/GitHub/Interface-Hardware-Software/Processador/testbench.v Line: 3
Info (12127): Elaborating entity "testbench" for the top level hierarchy
Warning (10755): Verilog HDL warning at testbench.v(12): assignments to clock create a combinational loop File: C:/Users/Rodrigo/Documents/GitHub/Interface-Hardware-Software/Processador/testbench.v Line: 12
Warning (10175): Verilog HDL warning at testbench.v(14): ignoring unsupported system task File: C:/Users/Rodrigo/Documents/GitHub/Interface-Hardware-Software/Processador/testbench.v Line: 14
Warning (10175): Verilog HDL warning at testbench.v(15): ignoring unsupported system task File: C:/Users/Rodrigo/Documents/GitHub/Interface-Hardware-Software/Processador/testbench.v Line: 15
Warning (10175): Verilog HDL warning at testbench.v(34): ignoring unsupported system task File: C:/Users/Rodrigo/Documents/GitHub/Interface-Hardware-Software/Processador/testbench.v Line: 34
Warning (10855): Verilog HDL warning at testbench.v(19): initial value for variable cout should be constant File: C:/Users/Rodrigo/Documents/GitHub/Interface-Hardware-Software/Processador/testbench.v Line: 19
Warning (10034): Output port "cout" at testbench.v(5) has no driver File: C:/Users/Rodrigo/Documents/GitHub/Interface-Hardware-Software/Processador/testbench.v Line: 5
Info (12128): Elaborating entity "processor" for hierarchy "processor:p" File: C:/Users/Rodrigo/Documents/GitHub/Interface-Hardware-Software/Processador/testbench.v Line: 17
Warning (10235): Verilog HDL Always Construct warning at processor.v(57): variable "iin" is read inside the Always Construct but isn't in the Always Construct's Event Control File: C:/Users/Rodrigo/Documents/GitHub/Interface-Hardware-Software/Processador/processor.v Line: 57
Warning (10235): Verilog HDL Always Construct warning at processor.v(58): variable "iin" is read inside the Always Construct but isn't in the Always Construct's Event Control File: C:/Users/Rodrigo/Documents/GitHub/Interface-Hardware-Software/Processador/processor.v Line: 58
Warning (10235): Verilog HDL Always Construct warning at processor.v(65): variable "opcode" is read inside the Always Construct but isn't in the Always Construct's Event Control File: C:/Users/Rodrigo/Documents/GitHub/Interface-Hardware-Software/Processador/processor.v Line: 65
Warning (10235): Verilog HDL Always Construct warning at processor.v(69): variable "opcode" is read inside the Always Construct but isn't in the Always Construct's Event Control File: C:/Users/Rodrigo/Documents/GitHub/Interface-Hardware-Software/Processador/processor.v Line: 69
Warning (10235): Verilog HDL Always Construct warning at processor.v(71): variable "iin" is read inside the Always Construct but isn't in the Always Construct's Event Control File: C:/Users/Rodrigo/Documents/GitHub/Interface-Hardware-Software/Processador/processor.v Line: 71
Warning (10235): Verilog HDL Always Construct warning at processor.v(74): variable "opcode" is read inside the Always Construct but isn't in the Always Construct's Event Control File: C:/Users/Rodrigo/Documents/GitHub/Interface-Hardware-Software/Processador/processor.v Line: 74
Warning (10235): Verilog HDL Always Construct warning at processor.v(74): variable "iin" is read inside the Always Construct but isn't in the Always Construct's Event Control File: C:/Users/Rodrigo/Documents/GitHub/Interface-Hardware-Software/Processador/processor.v Line: 74
Warning (10235): Verilog HDL Always Construct warning at processor.v(79): variable "iin" is read inside the Always Construct but isn't in the Always Construct's Event Control File: C:/Users/Rodrigo/Documents/GitHub/Interface-Hardware-Software/Processador/processor.v Line: 79
Warning (10235): Verilog HDL Always Construct warning at processor.v(89): variable "opcode" is read inside the Always Construct but isn't in the Always Construct's Event Control File: C:/Users/Rodrigo/Documents/GitHub/Interface-Hardware-Software/Processador/processor.v Line: 89
Warning (10235): Verilog HDL Always Construct warning at processor.v(89): variable "outMulti" is read inside the Always Construct but isn't in the Always Construct's Event Control File: C:/Users/Rodrigo/Documents/GitHub/Interface-Hardware-Software/Processador/processor.v Line: 89
Warning (10240): Verilog HDL Always Construct warning at processor.v(43): inferring latch(es) for variable "rRe", which holds its previous value in one or more paths through the always construct File: C:/Users/Rodrigo/Documents/GitHub/Interface-Hardware-Software/Processador/processor.v Line: 43
Warning (10240): Verilog HDL Always Construct warning at processor.v(43): inferring latch(es) for variable "rSelect", which holds its previous value in one or more paths through the always construct File: C:/Users/Rodrigo/Documents/GitHub/Interface-Hardware-Software/Processador/processor.v Line: 43
Warning (10240): Verilog HDL Always Construct warning at processor.v(43): inferring latch(es) for variable "r7e", which holds its previous value in one or more paths through the always construct File: C:/Users/Rodrigo/Documents/GitHub/Interface-Hardware-Software/Processador/processor.v Line: 43
Warning (10240): Verilog HDL Always Construct warning at processor.v(43): inferring latch(es) for variable "r6e", which holds its previous value in one or more paths through the always construct File: C:/Users/Rodrigo/Documents/GitHub/Interface-Hardware-Software/Processador/processor.v Line: 43
Warning (10240): Verilog HDL Always Construct warning at processor.v(43): inferring latch(es) for variable "r5e", which holds its previous value in one or more paths through the always construct File: C:/Users/Rodrigo/Documents/GitHub/Interface-Hardware-Software/Processador/processor.v Line: 43
Warning (10240): Verilog HDL Always Construct warning at processor.v(43): inferring latch(es) for variable "r4e", which holds its previous value in one or more paths through the always construct File: C:/Users/Rodrigo/Documents/GitHub/Interface-Hardware-Software/Processador/processor.v Line: 43
Warning (10240): Verilog HDL Always Construct warning at processor.v(43): inferring latch(es) for variable "r3e", which holds its previous value in one or more paths through the always construct File: C:/Users/Rodrigo/Documents/GitHub/Interface-Hardware-Software/Processador/processor.v Line: 43
Warning (10240): Verilog HDL Always Construct warning at processor.v(43): inferring latch(es) for variable "r2e", which holds its previous value in one or more paths through the always construct File: C:/Users/Rodrigo/Documents/GitHub/Interface-Hardware-Software/Processador/processor.v Line: 43
Warning (10240): Verilog HDL Always Construct warning at processor.v(43): inferring latch(es) for variable "r1e", which holds its previous value in one or more paths through the always construct File: C:/Users/Rodrigo/Documents/GitHub/Interface-Hardware-Software/Processador/processor.v Line: 43
Warning (10240): Verilog HDL Always Construct warning at processor.v(43): inferring latch(es) for variable "r0e", which holds its previous value in one or more paths through the always construct File: C:/Users/Rodrigo/Documents/GitHub/Interface-Hardware-Software/Processador/processor.v Line: 43
Warning (10240): Verilog HDL Always Construct warning at processor.v(43): inferring latch(es) for variable "bus", which holds its previous value in one or more paths through the always construct File: C:/Users/Rodrigo/Documents/GitHub/Interface-Hardware-Software/Processador/processor.v Line: 43
Warning (10240): Verilog HDL Always Construct warning at processor.v(43): inferring latch(es) for variable "clearCont", which holds its previous value in one or more paths through the always construct File: C:/Users/Rodrigo/Documents/GitHub/Interface-Hardware-Software/Processador/processor.v Line: 43
Warning (10240): Verilog HDL Always Construct warning at processor.v(43): inferring latch(es) for variable "rAe", which holds its previous value in one or more paths through the always construct File: C:/Users/Rodrigo/Documents/GitHub/Interface-Hardware-Software/Processador/processor.v Line: 43
Warning (10240): Verilog HDL Always Construct warning at processor.v(43): inferring latch(es) for variable "immeSelect", which holds its previous value in one or more paths through the always construct File: C:/Users/Rodrigo/Documents/GitHub/Interface-Hardware-Software/Processador/processor.v Line: 43
Warning (10240): Verilog HDL Always Construct warning at processor.v(43): inferring latch(es) for variable "op", which holds its previous value in one or more paths through the always construct File: C:/Users/Rodrigo/Documents/GitHub/Interface-Hardware-Software/Processador/processor.v Line: 43
Warning (10240): Verilog HDL Always Construct warning at processor.v(43): inferring latch(es) for variable "opcode", which holds its previous value in one or more paths through the always construct File: C:/Users/Rodrigo/Documents/GitHub/Interface-Hardware-Software/Processador/processor.v Line: 43
Info (10041): Inferred latch for "opcode[0]" at processor.v(43) File: C:/Users/Rodrigo/Documents/GitHub/Interface-Hardware-Software/Processador/processor.v Line: 43
Info (10041): Inferred latch for "opcode[1]" at processor.v(43) File: C:/Users/Rodrigo/Documents/GitHub/Interface-Hardware-Software/Processador/processor.v Line: 43
Info (10041): Inferred latch for "opcode[2]" at processor.v(43) File: C:/Users/Rodrigo/Documents/GitHub/Interface-Hardware-Software/Processador/processor.v Line: 43
Info (10041): Inferred latch for "op[0]" at processor.v(43) File: C:/Users/Rodrigo/Documents/GitHub/Interface-Hardware-Software/Processador/processor.v Line: 43
Info (10041): Inferred latch for "op[1]" at processor.v(43) File: C:/Users/Rodrigo/Documents/GitHub/Interface-Hardware-Software/Processador/processor.v Line: 43
Info (10041): Inferred latch for "op[2]" at processor.v(43) File: C:/Users/Rodrigo/Documents/GitHub/Interface-Hardware-Software/Processador/processor.v Line: 43
Info (10041): Inferred latch for "immeSelect" at processor.v(43) File: C:/Users/Rodrigo/Documents/GitHub/Interface-Hardware-Software/Processador/processor.v Line: 43
Info (10041): Inferred latch for "rAe" at processor.v(43) File: C:/Users/Rodrigo/Documents/GitHub/Interface-Hardware-Software/Processador/processor.v Line: 43
Info (10041): Inferred latch for "clearCont" at processor.v(43) File: C:/Users/Rodrigo/Documents/GitHub/Interface-Hardware-Software/Processador/processor.v Line: 43
Info (10041): Inferred latch for "bus[0]" at processor.v(43) File: C:/Users/Rodrigo/Documents/GitHub/Interface-Hardware-Software/Processador/processor.v Line: 43
Info (10041): Inferred latch for "bus[1]" at processor.v(43) File: C:/Users/Rodrigo/Documents/GitHub/Interface-Hardware-Software/Processador/processor.v Line: 43
Info (10041): Inferred latch for "bus[2]" at processor.v(43) File: C:/Users/Rodrigo/Documents/GitHub/Interface-Hardware-Software/Processador/processor.v Line: 43
Info (10041): Inferred latch for "bus[3]" at processor.v(43) File: C:/Users/Rodrigo/Documents/GitHub/Interface-Hardware-Software/Processador/processor.v Line: 43
Info (10041): Inferred latch for "bus[4]" at processor.v(43) File: C:/Users/Rodrigo/Documents/GitHub/Interface-Hardware-Software/Processador/processor.v Line: 43
Info (10041): Inferred latch for "bus[5]" at processor.v(43) File: C:/Users/Rodrigo/Documents/GitHub/Interface-Hardware-Software/Processador/processor.v Line: 43
Info (10041): Inferred latch for "bus[6]" at processor.v(43) File: C:/Users/Rodrigo/Documents/GitHub/Interface-Hardware-Software/Processador/processor.v Line: 43
Info (10041): Inferred latch for "bus[7]" at processor.v(43) File: C:/Users/Rodrigo/Documents/GitHub/Interface-Hardware-Software/Processador/processor.v Line: 43
Info (10041): Inferred latch for "bus[8]" at processor.v(43) File: C:/Users/Rodrigo/Documents/GitHub/Interface-Hardware-Software/Processador/processor.v Line: 43
Info (10041): Inferred latch for "bus[9]" at processor.v(43) File: C:/Users/Rodrigo/Documents/GitHub/Interface-Hardware-Software/Processador/processor.v Line: 43
Info (10041): Inferred latch for "bus[10]" at processor.v(43) File: C:/Users/Rodrigo/Documents/GitHub/Interface-Hardware-Software/Processador/processor.v Line: 43
Info (10041): Inferred latch for "bus[11]" at processor.v(43) File: C:/Users/Rodrigo/Documents/GitHub/Interface-Hardware-Software/Processador/processor.v Line: 43
Info (10041): Inferred latch for "bus[12]" at processor.v(43) File: C:/Users/Rodrigo/Documents/GitHub/Interface-Hardware-Software/Processador/processor.v Line: 43
Info (10041): Inferred latch for "bus[13]" at processor.v(43) File: C:/Users/Rodrigo/Documents/GitHub/Interface-Hardware-Software/Processador/processor.v Line: 43
Info (10041): Inferred latch for "bus[14]" at processor.v(43) File: C:/Users/Rodrigo/Documents/GitHub/Interface-Hardware-Software/Processador/processor.v Line: 43
Info (10041): Inferred latch for "bus[15]" at processor.v(43) File: C:/Users/Rodrigo/Documents/GitHub/Interface-Hardware-Software/Processador/processor.v Line: 43
Info (10041): Inferred latch for "r0e" at processor.v(43) File: C:/Users/Rodrigo/Documents/GitHub/Interface-Hardware-Software/Processador/processor.v Line: 43
Info (10041): Inferred latch for "r1e" at processor.v(43) File: C:/Users/Rodrigo/Documents/GitHub/Interface-Hardware-Software/Processador/processor.v Line: 43
Info (10041): Inferred latch for "r2e" at processor.v(43) File: C:/Users/Rodrigo/Documents/GitHub/Interface-Hardware-Software/Processador/processor.v Line: 43
Info (10041): Inferred latch for "r3e" at processor.v(43) File: C:/Users/Rodrigo/Documents/GitHub/Interface-Hardware-Software/Processador/processor.v Line: 43
Info (10041): Inferred latch for "r4e" at processor.v(43) File: C:/Users/Rodrigo/Documents/GitHub/Interface-Hardware-Software/Processador/processor.v Line: 43
Info (10041): Inferred latch for "r5e" at processor.v(43) File: C:/Users/Rodrigo/Documents/GitHub/Interface-Hardware-Software/Processador/processor.v Line: 43
Info (10041): Inferred latch for "r6e" at processor.v(43) File: C:/Users/Rodrigo/Documents/GitHub/Interface-Hardware-Software/Processador/processor.v Line: 43
Info (10041): Inferred latch for "r7e" at processor.v(43) File: C:/Users/Rodrigo/Documents/GitHub/Interface-Hardware-Software/Processador/processor.v Line: 43
Info (10041): Inferred latch for "rSelect" at processor.v(43) File: C:/Users/Rodrigo/Documents/GitHub/Interface-Hardware-Software/Processador/processor.v Line: 43
Info (10041): Inferred latch for "rRe" at processor.v(43) File: C:/Users/Rodrigo/Documents/GitHub/Interface-Hardware-Software/Processador/processor.v Line: 43
Info (12128): Elaborating entity "registrador" for hierarchy "processor:p|registrador:re0" File: C:/Users/Rodrigo/Documents/GitHub/Interface-Hardware-Software/Processador/processor.v Line: 19
Info (12128): Elaborating entity "ula" for hierarchy "processor:p|ula:u1" File: C:/Users/Rodrigo/Documents/GitHub/Interface-Hardware-Software/Processador/processor.v Line: 31
Info (12128): Elaborating entity "counter" for hierarchy "processor:p|counter:c1" File: C:/Users/Rodrigo/Documents/GitHub/Interface-Hardware-Software/Processador/processor.v Line: 33
Info (12128): Elaborating entity "multiplexador" for hierarchy "processor:p|multiplexador:m1" File: C:/Users/Rodrigo/Documents/GitHub/Interface-Hardware-Software/Processador/processor.v Line: 36
Warning (13024): Output pins are stuck at VCC or GND
    Warning (13410): Pin "cout[0]" is stuck at GND File: C:/Users/Rodrigo/Documents/GitHub/Interface-Hardware-Software/Processador/testbench.v Line: 5
    Warning (13410): Pin "cout[1]" is stuck at GND File: C:/Users/Rodrigo/Documents/GitHub/Interface-Hardware-Software/Processador/testbench.v Line: 5
    Warning (13410): Pin "cout[2]" is stuck at GND File: C:/Users/Rodrigo/Documents/GitHub/Interface-Hardware-Software/Processador/testbench.v Line: 5
    Warning (13410): Pin "cout[3]" is stuck at GND File: C:/Users/Rodrigo/Documents/GitHub/Interface-Hardware-Software/Processador/testbench.v Line: 5
    Warning (13410): Pin "cout[4]" is stuck at GND File: C:/Users/Rodrigo/Documents/GitHub/Interface-Hardware-Software/Processador/testbench.v Line: 5
    Warning (13410): Pin "cout[5]" is stuck at GND File: C:/Users/Rodrigo/Documents/GitHub/Interface-Hardware-Software/Processador/testbench.v Line: 5
    Warning (13410): Pin "cout[6]" is stuck at GND File: C:/Users/Rodrigo/Documents/GitHub/Interface-Hardware-Software/Processador/testbench.v Line: 5
    Warning (13410): Pin "cout[7]" is stuck at GND File: C:/Users/Rodrigo/Documents/GitHub/Interface-Hardware-Software/Processador/testbench.v Line: 5
    Warning (13410): Pin "cout[8]" is stuck at GND File: C:/Users/Rodrigo/Documents/GitHub/Interface-Hardware-Software/Processador/testbench.v Line: 5
    Warning (13410): Pin "cout[9]" is stuck at GND File: C:/Users/Rodrigo/Documents/GitHub/Interface-Hardware-Software/Processador/testbench.v Line: 5
    Warning (13410): Pin "cout[10]" is stuck at GND File: C:/Users/Rodrigo/Documents/GitHub/Interface-Hardware-Software/Processador/testbench.v Line: 5
    Warning (13410): Pin "cout[11]" is stuck at GND File: C:/Users/Rodrigo/Documents/GitHub/Interface-Hardware-Software/Processador/testbench.v Line: 5
    Warning (13410): Pin "cout[12]" is stuck at GND File: C:/Users/Rodrigo/Documents/GitHub/Interface-Hardware-Software/Processador/testbench.v Line: 5
    Warning (13410): Pin "cout[13]" is stuck at GND File: C:/Users/Rodrigo/Documents/GitHub/Interface-Hardware-Software/Processador/testbench.v Line: 5
    Warning (13410): Pin "cout[14]" is stuck at GND File: C:/Users/Rodrigo/Documents/GitHub/Interface-Hardware-Software/Processador/testbench.v Line: 5
    Warning (13410): Pin "cout[15]" is stuck at GND File: C:/Users/Rodrigo/Documents/GitHub/Interface-Hardware-Software/Processador/testbench.v Line: 5
Info (16010): Generating hard_block partition "hard_block:auto_generated_inst"
    Info (16011): Adding 0 node(s), including 0 DDIO, 0 PLL, 0 transceiver and 0 LCELL
Info (21057): Implemented 16 device resources after synthesis - the final resource count might be different
    Info (21058): Implemented 0 input pins
    Info (21059): Implemented 16 output pins
Info: Quartus Prime Analysis & Synthesis was successful. 0 errors, 50 warnings
    Info: Peak virtual memory: 4731 megabytes
    Info: Processing ended: Tue Jun 04 23:27:37 2024
    Info: Elapsed time: 00:00:17
    Info: Total CPU time (on all processors): 00:00:44


